TN:
SF:src/db.js
FN:6,(anonymous_6)
FN:6,_callee
FN:6,getUserByUsername
FNF:3
FNH:3
FNDA:1,(anonymous_6)
FNDA:4,_callee
FNDA:1,getUserByUsername
DA:1,1
DA:3,1
DA:6,11
DA:8,1
DA:14,1
DA:17,1
DA:19,1
DA:25,1
LF:8
LH:8
BRDA:3,0,0,1
BRDA:3,0,1,0
BRDA:6,1,0,1
BRDA:6,1,1,1
BRDA:6,1,2,0
BRDA:6,1,3,1
BRF:6
BRH:4
end_of_record
TN:
SF:src/mocha-setup.js
FNF:0
FNH:0
DA:1,1
DA:2,1
DA:3,1
DA:5,1
LF:4
LH:4
BRF:0
BRH:0
end_of_record
TN:
SF:src/server.js
FN:6,(anonymous_7)
FN:6,_callee
FNF:2
FNH:2
FNDA:4,(anonymous_7)
FNDA:9,_callee
DA:1,1
DA:2,1
DA:4,1
DA:6,35
DA:7,3
DA:9,2
DA:10,2
DA:11,1
DA:13,1
DA:17,1
LF:10
LH:10
BRDA:6,0,0,3
BRDA:6,0,1,2
BRDA:6,0,2,1
BRDA:6,0,3,3
BRDA:6,0,4,3
BRDA:10,1,0,1
BRDA:10,1,1,1
BRF:7
BRH:7
end_of_record
TN:
SF:src/test-helpers.js
FN:3,(anonymous_6)
FN:3,_callee
FN:3,setDatabaseData
FN:24,(anonymous_10)
FN:24,_callee2
FN:24,getDatabaseData
FN:41,(anonymous_14)
FN:41,_callee3
FN:41,resetDatabase
FNF:9
FNH:7
FNDA:1,(anonymous_6)
FNDA:4,_callee
FNDA:1,setDatabaseData
FNDA:1,(anonymous_10)
FNDA:0,_callee2
FNDA:0,getDatabaseData
FNDA:1,(anonymous_14)
FNDA:5,_callee3
FNDA:1,resetDatabase
DA:1,1
DA:3,12
DA:4,1
DA:11,1
DA:21,1
DA:24,3
DA:25,0
DA:32,0
DA:34,0
DA:36,0
DA:41,15
DA:42,1
DA:49,1
DA:53,1
LF:14
LH:10
BRDA:3,0,0,1
BRDA:3,0,1,1
BRDA:3,0,2,1
BRDA:3,0,3,1
BRDA:3,0,4,1
BRDA:24,1,0,0
BRDA:24,1,1,0
BRDA:24,1,2,0
BRDA:24,1,3,0
BRDA:24,1,4,0
BRDA:41,2,0,1
BRDA:41,2,1,1
BRDA:41,2,2,1
BRDA:41,2,3,0
BRDA:41,2,4,1
BRF:15
BRH:9
end_of_record
